2024-12-25 09:08:15,533 - INFO - before Test Steps in execution ...
2024-12-25 09:08:15,534 - INFO -  Data extraction from product_data.csv to product_staging has started .......
2024-12-25 09:08:15,555 - INFO - expected data is :   product_id        product_name     category  price  stock_quantity    brand  rating
0         101           iPhone 15  Smartphones    999              50    Apple     4.8
1         102  Samsung Galaxy S23  Smartphones    899              75  Samsung     4.7
2         103         Dell XPS 13      Laptops   1200              30     Dell     4.6
3         104      MacBook Pro 14      Laptops   2000              25    Apple     4.9
4         105     Sony WH-1000XM5   Headphones    350             100     Sony     4.7
5         106       Nike Air Zoom     Sneakers    120             200     Nike     4.5
6         107      Samsung 55" TV  Electronics    700              40  Samsung     4.4
7         108    Philips Hue Bulb   Smart Home     50             500  Philips     4.8
8         109     Fitbit Charge 5    Wearables    150             150   Fitbit     4.6
9         110   Kindle Paperwhite     eReaders    130              80   Amazon     4.7
2024-12-25 09:08:15,897 - INFO - actual data is :   product_id        product_name     category  price  stock_quantity    brand  rating
0         101           iPhone 15  Smartphones    999              50    Apple     4.8
1         102  Samsung Galaxy S23  Smartphones    899              75  Samsung     4.7
2         103         Dell XPS 13      Laptops   1200              30     Dell     4.6
3         104      MacBook Pro 14      Laptops   2000              25    Apple     4.9
4         105     Sony WH-1000XM5   Headphones    350             100     Sony     4.7
5         106       Nike Air Zoom     Sneakers    120             200     Nike     4.5
6         107      Samsung 55" TV  Electronics    700              40  Samsung     4.4
7         108    Philips Hue Bulb   Smart Home     50             500  Philips     4.8
8         109     Fitbit Charge 5    Wearables    150             150   Fitbit     4.6
9         110   Kindle Paperwhite     eReaders    130              80   Amazon     4.7
2024-12-25 09:08:15,898 - INFO -  Data extraction from product_data.csv to product_staging has completed .......
2024-12-25 09:08:15,899 - INFO - after Test Steps in execution ...
2024-12-25 09:10:21,535 - INFO - before Test Steps in execution ...
2024-12-25 09:10:21,536 - INFO -  Data extraction from product_data.csv to product_staging has started .......
2024-12-25 09:10:21,553 - INFO - expected data is :   product_id        product_name     category  price  stock_quantity    brand  rating
0         101           iPhone 15  Smartphones    999              50    Apple     4.8
1         102  Samsung Galaxy S23  Smartphones    899              75  Samsung     4.7
2         103         Dell XPS 13      Laptops   1200              30     Dell     4.6
3         104      MacBook Pro 14      Laptops   2000              25    Apple     4.9
4         105     Sony WH-1000XM5   Headphones    350             100     Sony     4.7
5         106       Nike Air Zoom     Sneakers    120             200     Nike     4.5
6         107      Samsung 55" TV  Electronics    700              40  Samsung     4.4
7         108    Philips Hue Bulb   Smart Home     50             500  Philips     4.8
8         109     Fitbit Charge 5    Wearables    150             150   Fitbit     4.6
9         110   Kindle Paperwhite     eReaders    130              80   Amazon     4.7
2024-12-25 09:10:21,596 - INFO - actual data is :   product_id        product_name     category  price  stock_quantity    brand  rating
0         101           iPhone 15  Smartphones    999              50    Apple     4.8
1         102  Samsung Galaxy S23  Smartphones    899              75  Samsung     4.7
2         103         Dell XPS 13      Laptops   1200              30     Dell     4.6
3         104      MacBook Pro 14      Laptops   2000              25    Apple     4.9
4         105     Sony WH-1000XM5   Headphones    350             100     Sony     4.7
5         106       Nike Air Zoom     Sneakers    120             200     Nike     4.5
6         107      Samsung 55" TV  Electronics    700              40  Samsung     4.4
7         108    Philips Hue Bulb   Smart Home     50             500  Philips     4.8
8         109     Fitbit Charge 5    Wearables    150             150   Fitbit     4.6
9         110   Kindle Paperwhite     eReaders    130              80   Amazon     4.7
2024-12-25 09:10:21,596 - ERROR - Error occured during data extraction: Numbers are not equal
2024-12-25 09:10:21,855 - INFO - after Test Steps in execution ...
2024-12-25 09:13:04,565 - INFO - before Test Steps in execution ...
2024-12-25 09:13:04,566 - INFO -  Data extraction from product_data.csv to product_staging has started .......
2024-12-25 09:13:04,583 - INFO - expected data is :   product_id        product_name     category  price  stock_quantity    brand  rating
0         101           iPhone 15  Smartphones    999              50    Apple     4.8
1         102  Samsung Galaxy S23  Smartphones    899              75  Samsung     4.7
2         103         Dell XPS 13      Laptops   1200              30     Dell     4.6
3         104      MacBook Pro 14      Laptops   2000              25    Apple     4.9
4         105     Sony WH-1000XM5   Headphones    350             100     Sony     4.7
5         106       Nike Air Zoom     Sneakers    120             200     Nike     4.5
6         107      Samsung 55" TV  Electronics    700              40  Samsung     4.4
7         108    Philips Hue Bulb   Smart Home     50             500  Philips     4.8
8         109     Fitbit Charge 5    Wearables    150             150   Fitbit     4.6
9         110   Kindle Paperwhite     eReaders    130              80   Amazon     4.7
2024-12-25 09:13:04,635 - INFO - actual data is :   product_id        product_name     category  price  stock_quantity    brand  rating
0         101           iPhone 15  Smartphones    999              50    Apple     4.8
1         102  Samsung Galaxy S23  Smartphones    899              75  Samsung     4.7
2         103         Dell XPS 13      Laptops   1200              30     Dell     4.6
3         104      MacBook Pro 14      Laptops   2000              25    Apple     4.9
4         105     Sony WH-1000XM5   Headphones    350             100     Sony     4.7
5         106       Nike Air Zoom     Sneakers    120             200     Nike     4.5
6         107      Samsung 55" TV  Electronics    700              40  Samsung     4.4
7         108    Philips Hue Bulb   Smart Home     50             500  Philips     4.8
8         109     Fitbit Charge 5    Wearables    150             150   Fitbit     4.6
9         110   Kindle Paperwhite     eReaders    130              80   Amazon     4.7
2024-12-25 09:13:04,635 - ERROR - Error occured during data extraction: Numbers are not equal - test 2 
2024-12-25 09:13:04,905 - INFO - after Test Steps in execution ...
2024-12-25 09:14:09,740 - INFO - before Test Steps in execution ...
2024-12-25 09:14:09,740 - INFO -  Data extraction from product_data.csv to product_staging has started .......
2024-12-25 09:14:09,754 - INFO - expected data is :   product_id        product_name     category  price  stock_quantity    brand  rating
0         101           iPhone 15  Smartphones    999              50    Apple     4.8
1         102  Samsung Galaxy S23  Smartphones    899              75  Samsung     4.7
2         103         Dell XPS 13      Laptops   1200              30     Dell     4.6
3         104      MacBook Pro 14      Laptops   2000              25    Apple     4.9
4         105     Sony WH-1000XM5   Headphones    350             100     Sony     4.7
5         106       Nike Air Zoom     Sneakers    120             200     Nike     4.5
6         107      Samsung 55" TV  Electronics    700              40  Samsung     4.4
7         108    Philips Hue Bulb   Smart Home     50             500  Philips     4.8
8         109     Fitbit Charge 5    Wearables    150             150   Fitbit     4.6
9         110   Kindle Paperwhite     eReaders    130              80   Amazon     4.7
2024-12-25 09:14:09,788 - INFO - actual data is :   product_id        product_name     category  price  stock_quantity    brand  rating
0         101           iPhone 15  Smartphones    999              50    Apple     4.8
1         102  Samsung Galaxy S23  Smartphones    899              75  Samsung     4.7
2         103         Dell XPS 13      Laptops   1200              30     Dell     4.6
3         104      MacBook Pro 14      Laptops   2000              25    Apple     4.9
4         105     Sony WH-1000XM5   Headphones    350             100     Sony     4.7
5         106       Nike Air Zoom     Sneakers    120             200     Nike     4.5
6         107      Samsung 55" TV  Electronics    700              40  Samsung     4.4
7         108    Philips Hue Bulb   Smart Home     50             500  Philips     4.8
8         109     Fitbit Charge 5    Wearables    150             150   Fitbit     4.6
9         110   Kindle Paperwhite     eReaders    130              80   Amazon     4.7
2024-12-25 09:14:09,788 - INFO - test 1 passed
2024-12-25 09:14:09,788 - ERROR - Error occured during data extraction: Numbers are not equal - test 2 
2024-12-25 09:14:10,039 - INFO - after Test Steps in execution ...
2024-12-25 21:58:28,854 - INFO - before Test Steps in execution ...
2024-12-25 21:58:28,957 - INFO -  Data extraction from product_data.csv to product_staging has started .......
2024-12-25 21:58:29,016 - INFO - expected data is :   product_id        product_name     category  price  stock_quantity    brand  rating
0         101           iPhone 15  Smartphones    999              50    Apple     4.8
1         102  Samsung Galaxy S23  Smartphones    899              75  Samsung     4.7
2         103         Dell XPS 13      Laptops   1200              30     Dell     4.6
3         104      MacBook Pro 14      Laptops   2000              25    Apple     4.9
4         105     Sony WH-1000XM5   Headphones    350             100     Sony     4.7
5         106       Nike Air Zoom     Sneakers    120             200     Nike     4.5
6         107      Samsung 55" TV  Electronics    700              40  Samsung     4.4
7         108    Philips Hue Bulb   Smart Home     50             500  Philips     4.8
8         109     Fitbit Charge 5    Wearables    150             150   Fitbit     4.6
9         110   Kindle Paperwhite     eReaders    130              80   Amazon     4.7
2024-12-25 21:58:29,153 - INFO - actual data is :   product_id        product_name     category  price  stock_quantity    brand  rating
0         101           iPhone 15  Smartphones    999              50    Apple     4.8
1         102  Samsung Galaxy S23  Smartphones    899              75  Samsung     4.7
2         103         Dell XPS 13      Laptops   1200              30     Dell     4.6
3         104      MacBook Pro 14      Laptops   2000              25    Apple     4.9
4         105     Sony WH-1000XM5   Headphones    350             100     Sony     4.7
5         106       Nike Air Zoom     Sneakers    120             200     Nike     4.5
6         107      Samsung 55" TV  Electronics    700              40  Samsung     4.4
7         108    Philips Hue Bulb   Smart Home     50             500  Philips     4.8
8         109     Fitbit Charge 5    Wearables    150             150   Fitbit     4.6
9         110   Kindle Paperwhite     eReaders    130              80   Amazon     4.7
2024-12-25 21:58:29,160 - INFO -  Data extraction from product_data.csv to product_staging has completed .......
2024-12-25 21:58:29,162 - INFO - after Test Steps in execution ...
